Validating found git in: git
Using git 2.25.1 from git
Opening repository for path='/home/bineet/UdemyCourses/Docker&Kubernetes/frontend' failed; ex=Failed to execute git {
  "exitCode": 128,
  "gitErrorCode": "NotAGitRepository",
  "gitCommand": "rev-parse",
  "stdout": "",
  "stderr": "fatal: not a git repository (or any of the parent directories): .git\n"
}
Opening repository for path='/home/bineet/UdemyCourses/Docker&Kubernetes/frontend' failed; ex=Failed to execute git {
  "exitCode": 128,
  "gitErrorCode": "NotAGitRepository",
  "gitCommand": "rev-parse",
  "stdout": "",
  "stderr": "fatal: not a git repository (or any of the parent directories): .git\n"
}
Opening repository for path='/home/bineet/UdemyCourses/Docker&Kubernetes/frontend/.gitignore' failed; ex=Error: spawn ENOTDIR
Opening repository for path='/home/bineet/UdemyCourses/Docker&Kubernetes/frontend/Dockerfile.dev' failed; ex=Error: spawn ENOTDIR
Opening repository for path='/home/bineet/UdemyCourses/Docker&Kubernetes/frontend/README.md' failed; ex=Error: spawn ENOTDIR
Opening repository for path='/home/bineet/UdemyCourses/Docker&Kubernetes/frontend/build' failed; ex=Failed to execute git {
  "exitCode": 128,
  "gitErrorCode": "NotAGitRepository",
  "gitCommand": "rev-parse",
  "stdout": "",
  "stderr": "fatal: not a git repository (or any of the parent directories): .git\n"
}
Opening repository for path='/home/bineet/UdemyCourses/Docker&Kubernetes/frontend/docker-compose.yml' failed; ex=Error: spawn ENOTDIR
Opening repository for path='/home/bineet/UdemyCourses/Docker&Kubernetes/frontend/node_modules' failed; ex=Failed to execute git {
  "exitCode": 128,
  "gitErrorCode": "NotAGitRepository",
  "gitCommand": "rev-parse",
  "stdout": "",
  "stderr": "fatal: not a git repository (or any of the parent directories): .git\n"
}
Opening repository for path='/home/bineet/UdemyCourses/Docker&Kubernetes/frontend/package-lock.json' failed; ex=Error: spawn ENOTDIR
Opening repository for path='/home/bineet/UdemyCourses/Docker&Kubernetes/frontend/package.json' failed; ex=Error: spawn ENOTDIR
Opening repository for path='/home/bineet/UdemyCourses/Docker&Kubernetes/frontend/public' failed; ex=Failed to execute git {
  "exitCode": 128,
  "gitErrorCode": "NotAGitRepository",
  "gitCommand": "rev-parse",
  "stdout": "",
  "stderr": "fatal: not a git repository (or any of the parent directories): .git\n"
}
Opening repository for path='/home/bineet/UdemyCourses/Docker&Kubernetes/frontend/src' failed; ex=Failed to execute git {
  "exitCode": 128,
  "gitErrorCode": "NotAGitRepository",
  "gitCommand": "rev-parse",
  "stdout": "",
  "stderr": "fatal: not a git repository (or any of the parent directories): .git\n"
}
Opening repository for path='/home/bineet/UdemyCourses/Docker&Kubernetes/frontend/~' failed; ex=Failed to execute git {
  "exitCode": 128,
  "gitErrorCode": "NotAGitRepository",
  "gitCommand": "rev-parse",
  "stdout": "",
  "stderr": "fatal: not a git repository (or any of the parent directories): .git\n"
}
Opening repository for path='/home/bineet/UdemyCourses/Docker&Kubernetes/frontend/src' failed; ex=Failed to execute git {
  "exitCode": 128,
  "gitErrorCode": "NotAGitRepository",
  "gitCommand": "rev-parse",
  "stdout": "",
  "stderr": "fatal: not a git repository (or any of the parent directories): .git\n"
}
Opening repository for path='/home/bineet/UdemyCourses/Docker&Kubernetes/frontend' failed; ex=Failed to execute git {
  "exitCode": 128,
  "gitErrorCode": "NotAGitRepository",
  "gitCommand": "rev-parse",
  "stdout": "",
  "stderr": "fatal: not a git repository (or any of the parent directories): .git\n"
}
Opening repository for path='/home/bineet/UdemyCourses/Docker&Kubernetes/frontend/src' failed; ex=Failed to execute git {
  "exitCode": 128,
  "gitErrorCode": "NotAGitRepository",
  "gitCommand": "rev-parse",
  "stdout": "",
  "stderr": "fatal: not a git repository (or any of the parent directories): .git\n"
}
Opening repository for path='/home/bineet/UdemyCourses/Docker&Kubernetes/frontend' failed; ex=Failed to execute git {
  "exitCode": 128,
  "gitErrorCode": "NotAGitRepository",
  "gitCommand": "rev-parse",
  "stdout": "",
  "stderr": "fatal: not a git repository (or any of the parent directories): .git\n"
}
Opening repository for path='/home/bineet/UdemyCourses/Docker&Kubernetes/frontend/src' failed; ex=Failed to execute git {
  "exitCode": 128,
  "gitErrorCode": "NotAGitRepository",
  "gitCommand": "rev-parse",
  "stdout": "",
  "stderr": "fatal: not a git repository (or any of the parent directories): .git\n"
}
Opening repository for path='/home/bineet/UdemyCourses/Docker&Kubernetes/frontend/src' failed; ex=Failed to execute git {
  "exitCode": 128,
  "gitErrorCode": "NotAGitRepository",
  "gitCommand": "rev-parse",
  "stdout": "",
  "stderr": "fatal: not a git repository (or any of the parent directories): .git\n"
}
Opening repository for path='/home/bineet/UdemyCourses/Docker&Kubernetes/frontend/src' failed; ex=Failed to execute git {
  "exitCode": 128,
  "gitErrorCode": "NotAGitRepository",
  "gitCommand": "rev-parse",
  "stdout": "",
  "stderr": "fatal: not a git repository (or any of the parent directories): .git\n"
}
