[2021-09-19 11:24:34.811] [exthost] [info] extension host started
[2021-09-19 11:24:34.811] [exthost] [info] Skipping acquiring lock for /home/bineet/UdemyCourses/Docker&Kubernetes/frontend/~/.vscode-root/User/workspaceStorage/289ff6e4a0bce015baae3828c42cdc3d.
[2021-09-19 11:24:34.862] [exthost] [info] ExtensionService#_doActivateExtension vscode.microsoft-authentication {"startup":false,"extensionId":{"value":"vscode.microsoft-authentication","_lower":"vscode.microsoft-authentication"},"activationEvent":"onAuthenticationRequest:microsoft"}
[2021-09-19 11:24:34.862] [exthost] [info] ExtensionService#loadCommonJSModule file:///snap/code/74/usr/share/code/resources/app/extensions/microsoft-authentication/dist/extension.js
[2021-09-19 11:24:34.911] [exthost] [info] ExtensionService#_doActivateExtension vscode.debug-auto-launch {"startup":true,"extensionId":{"value":"vscode.debug-auto-launch","_lower":"vscode.debug-auto-launch"},"activationEvent":"*"}
[2021-09-19 11:24:34.911] [exthost] [info] ExtensionService#loadCommonJSModule file:///snap/code/74/usr/share/code/resources/app/extensions/debug-auto-launch/dist/extension
[2021-09-19 11:24:34.959] [exthost] [info] ExtensionService#_doActivateExtension vscode.git {"startup":true,"extensionId":{"value":"vscode.github","_lower":"vscode.github"},"activationEvent":"*"}
[2021-09-19 11:24:34.959] [exthost] [info] ExtensionService#loadCommonJSModule file:///snap/code/74/usr/share/code/resources/app/extensions/git/dist/main
[2021-09-19 11:24:35.076] [exthost] [info] ExtensionService#_doActivateExtension vscode.npm {"startup":true,"extensionId":{"value":"vscode.npm","_lower":"vscode.npm"},"activationEvent":"workspaceContains:package.json"}
[2021-09-19 11:24:35.076] [exthost] [info] ExtensionService#loadCommonJSModule file:///snap/code/74/usr/share/code/resources/app/extensions/npm/dist/npmMain
[2021-09-19 11:24:35.324] [exthost] [info] ExtensionService#_doActivateExtension ms-azuretools.vscode-docker {"startup":false,"extensionId":{"value":"ms-azuretools.vscode-docker","_lower":"ms-azuretools.vscode-docker"},"activationEvent":"onLanguage:dockerfile"}
[2021-09-19 11:24:35.325] [exthost] [info] ExtensionService#loadCommonJSModule file:///root/.vscode/extensions/ms-azuretools.vscode-docker-1.16.1/main
[2021-09-19 11:24:36.124] [exthost] [info] ExtensionService#_doActivateExtension ms-vscode.js-debug {"startup":false,"extensionId":{"value":"ms-vscode.js-debug","_lower":"ms-vscode.js-debug"},"activationEvent":"onCommand:extension.js-debug.clearAutoAttachVariables"}
[2021-09-19 11:24:36.124] [exthost] [info] ExtensionService#loadCommonJSModule file:///snap/code/74/usr/share/code/resources/app/extensions/ms-vscode.js-debug/src/extension.js
[2021-09-19 11:24:36.453] [exthost] [info] ExtensionService#_doActivateExtension vscode.github-authentication {"startup":false,"extensionId":{"value":"vscode.github-authentication","_lower":"vscode.github-authentication"},"activationEvent":"onAuthenticationRequest:github"}
[2021-09-19 11:24:36.453] [exthost] [info] ExtensionService#loadCommonJSModule file:///snap/code/74/usr/share/code/resources/app/extensions/github-authentication/dist/extension.js
[2021-09-19 11:24:37.040] [exthost] [info] ExtensionService#_doActivateExtension vscode.github {"startup":true,"extensionId":{"value":"vscode.github","_lower":"vscode.github"},"activationEvent":"*"}
[2021-09-19 11:24:37.040] [exthost] [info] ExtensionService#loadCommonJSModule file:///snap/code/74/usr/share/code/resources/app/extensions/github/dist/extension.js
[2021-09-19 11:24:37.328] [exthost] [info] eager extensions activated
[2021-09-19 11:24:37.346] [exthost] [info] ExtensionService#_doActivateExtension vscode.emmet {"startup":false,"extensionId":{"value":"vscode.emmet","_lower":"vscode.emmet"},"activationEvent":"onStartupFinished"}
[2021-09-19 11:24:37.346] [exthost] [info] ExtensionService#loadCommonJSModule file:///snap/code/74/usr/share/code/resources/app/extensions/emmet/dist/node/emmetNodeMain
[2021-09-19 11:24:38.916] [exthost] [info] ExtensionService#_doActivateExtension vscode.merge-conflict {"startup":false,"extensionId":{"value":"vscode.merge-conflict","_lower":"vscode.merge-conflict"},"activationEvent":"onStartupFinished"}
[2021-09-19 11:24:38.917] [exthost] [info] ExtensionService#loadCommonJSModule file:///snap/code/74/usr/share/code/resources/app/extensions/merge-conflict/dist/mergeConflictMain
[2021-09-19 16:22:51.369] [exthost] [info] ExtensionService#_doActivateExtension vscode.configuration-editing {"startup":false,"extensionId":{"value":"vscode.configuration-editing","_lower":"vscode.configuration-editing"},"activationEvent":"onLanguage:json"}
[2021-09-19 16:22:51.370] [exthost] [info] ExtensionService#loadCommonJSModule file:///snap/code/74/usr/share/code/resources/app/extensions/configuration-editing/dist/configurationEditingMain
[2021-09-19 16:22:51.397] [exthost] [info] ExtensionService#_doActivateExtension vscode.extension-editing {"startup":false,"extensionId":{"value":"vscode.extension-editing","_lower":"vscode.extension-editing"},"activationEvent":"onLanguage:json"}
[2021-09-19 16:22:51.397] [exthost] [info] ExtensionService#loadCommonJSModule file:///snap/code/74/usr/share/code/resources/app/extensions/extension-editing/dist/extensionEditingMain
[2021-09-19 16:22:51.415] [exthost] [info] ExtensionService#_doActivateExtension vscode.json-language-features {"startup":false,"extensionId":{"value":"vscode.json-language-features","_lower":"vscode.json-language-features"},"activationEvent":"onLanguage:json"}
[2021-09-19 16:22:51.415] [exthost] [info] ExtensionService#loadCommonJSModule file:///snap/code/74/usr/share/code/resources/app/extensions/json-language-features/client/dist/node/jsonClientMain
