[2021-09-13 00:44:18.305] [exthost] [info] extension host started
[2021-09-13 00:44:18.341] [exthost] [info] ExtensionService#_doActivateExtension vscode.microsoft-authentication {"startup":false,"extensionId":{"value":"vscode.microsoft-authentication","_lower":"vscode.microsoft-authentication"},"activationEvent":"onAuthenticationRequest:microsoft"}
[2021-09-13 00:44:18.342] [exthost] [info] ExtensionService#loadCommonJSModule file:///snap/code/73/usr/share/code/resources/app/extensions/microsoft-authentication/dist/extension.js
[2021-09-13 00:44:18.491] [exthost] [info] ExtensionService#_doActivateExtension vscode.debug-auto-launch {"startup":true,"extensionId":{"value":"vscode.debug-auto-launch","_lower":"vscode.debug-auto-launch"},"activationEvent":"*"}
[2021-09-13 00:44:18.491] [exthost] [info] ExtensionService#loadCommonJSModule file:///snap/code/73/usr/share/code/resources/app/extensions/debug-auto-launch/dist/extension
[2021-09-13 00:44:18.517] [exthost] [info] ExtensionService#_doActivateExtension vscode.git {"startup":true,"extensionId":{"value":"vscode.github","_lower":"vscode.github"},"activationEvent":"*"}
[2021-09-13 00:44:18.517] [exthost] [info] ExtensionService#loadCommonJSModule file:///snap/code/73/usr/share/code/resources/app/extensions/git/dist/main
[2021-09-13 00:44:18.924] [exthost] [info] ExtensionService#_doActivateExtension vscode.github {"startup":true,"extensionId":{"value":"vscode.github","_lower":"vscode.github"},"activationEvent":"*"}
[2021-09-13 00:44:18.924] [exthost] [info] ExtensionService#loadCommonJSModule file:///snap/code/73/usr/share/code/resources/app/extensions/github/dist/extension.js
[2021-09-13 00:44:18.978] [exthost] [info] eager extensions activated
[2021-09-13 00:44:18.983] [exthost] [info] ExtensionService#_doActivateExtension vscode.emmet {"startup":false,"extensionId":{"value":"vscode.emmet","_lower":"vscode.emmet"},"activationEvent":"onStartupFinished"}
[2021-09-13 00:44:18.983] [exthost] [info] ExtensionService#loadCommonJSModule file:///snap/code/73/usr/share/code/resources/app/extensions/emmet/dist/node/emmetNodeMain
[2021-09-13 00:44:19.008] [exthost] [info] ExtensionService#_doActivateExtension vscode.merge-conflict {"startup":false,"extensionId":{"value":"vscode.merge-conflict","_lower":"vscode.merge-conflict"},"activationEvent":"onStartupFinished"}
[2021-09-13 00:44:19.008] [exthost] [info] ExtensionService#loadCommonJSModule file:///snap/code/73/usr/share/code/resources/app/extensions/merge-conflict/dist/mergeConflictMain
[2021-09-13 00:44:19.018] [exthost] [info] ExtensionService#_doActivateExtension ms-vscode.js-debug {"startup":false,"extensionId":{"value":"ms-vscode.js-debug","_lower":"ms-vscode.js-debug"},"activationEvent":"onCommand:extension.js-debug.clearAutoAttachVariables"}
[2021-09-13 00:44:19.018] [exthost] [info] ExtensionService#loadCommonJSModule file:///snap/code/73/usr/share/code/resources/app/extensions/ms-vscode.js-debug/src/extension.js
[2021-09-13 00:44:19.239] [exthost] [info] ExtensionService#_doActivateExtension vscode.github-authentication {"startup":false,"extensionId":{"value":"vscode.github-authentication","_lower":"vscode.github-authentication"},"activationEvent":"onAuthenticationRequest:github"}
[2021-09-13 00:44:19.239] [exthost] [info] ExtensionService#loadCommonJSModule file:///snap/code/73/usr/share/code/resources/app/extensions/github-authentication/dist/extension.js
[2021-09-13 00:45:01.517] [exthost] [info] extension host terminating: renderer closed the socket
[2021-09-13 00:45:02.522] [exthost] [info] exiting with code 0
[2021-09-13 00:45:02.982] [exthost] [info] extension host started
[2021-09-13 00:45:02.983] [exthost] [info] Skipping acquiring lock for /home/bineet/UdemyCourses/Docker&Kubernetes/frontend/~/.vscode-root/User/workspaceStorage/289ff6e4a0bce015baae3828c42cdc3d.
[2021-09-13 00:45:03.039] [exthost] [info] ExtensionService#_doActivateExtension vscode.microsoft-authentication {"startup":false,"extensionId":{"value":"vscode.microsoft-authentication","_lower":"vscode.microsoft-authentication"},"activationEvent":"onAuthenticationRequest:microsoft"}
[2021-09-13 00:45:03.039] [exthost] [info] ExtensionService#loadCommonJSModule file:///snap/code/73/usr/share/code/resources/app/extensions/microsoft-authentication/dist/extension.js
[2021-09-13 00:45:03.052] [exthost] [info] ExtensionService#_doActivateExtension vscode.debug-auto-launch {"startup":true,"extensionId":{"value":"vscode.debug-auto-launch","_lower":"vscode.debug-auto-launch"},"activationEvent":"*"}
[2021-09-13 00:45:03.052] [exthost] [info] ExtensionService#loadCommonJSModule file:///snap/code/73/usr/share/code/resources/app/extensions/debug-auto-launch/dist/extension
[2021-09-13 00:45:03.055] [exthost] [info] ExtensionService#_doActivateExtension vscode.git {"startup":true,"extensionId":{"value":"vscode.github","_lower":"vscode.github"},"activationEvent":"*"}
[2021-09-13 00:45:03.055] [exthost] [info] ExtensionService#loadCommonJSModule file:///snap/code/73/usr/share/code/resources/app/extensions/git/dist/main
[2021-09-13 00:45:03.077] [exthost] [info] ExtensionService#_doActivateExtension vscode.npm {"startup":true,"extensionId":{"value":"vscode.npm","_lower":"vscode.npm"},"activationEvent":"workspaceContains:package.json"}
[2021-09-13 00:45:03.077] [exthost] [info] ExtensionService#loadCommonJSModule file:///snap/code/73/usr/share/code/resources/app/extensions/npm/dist/npmMain
[2021-09-13 00:45:03.194] [exthost] [info] ExtensionService#_doActivateExtension vscode.github {"startup":true,"extensionId":{"value":"vscode.github","_lower":"vscode.github"},"activationEvent":"*"}
[2021-09-13 00:45:03.194] [exthost] [info] ExtensionService#loadCommonJSModule file:///snap/code/73/usr/share/code/resources/app/extensions/github/dist/extension.js
[2021-09-13 00:45:03.222] [exthost] [info] ExtensionService#_doActivateExtension ms-vscode.js-debug {"startup":false,"extensionId":{"value":"ms-vscode.js-debug","_lower":"ms-vscode.js-debug"},"activationEvent":"onCommand:extension.js-debug.clearAutoAttachVariables"}
[2021-09-13 00:45:03.223] [exthost] [info] ExtensionService#loadCommonJSModule file:///snap/code/73/usr/share/code/resources/app/extensions/ms-vscode.js-debug/src/extension.js
[2021-09-13 00:45:03.329] [exthost] [info] ExtensionService#_doActivateExtension vscode.github-authentication {"startup":false,"extensionId":{"value":"vscode.github-authentication","_lower":"vscode.github-authentication"},"activationEvent":"onAuthenticationRequest:github"}
[2021-09-13 00:45:03.329] [exthost] [info] ExtensionService#loadCommonJSModule file:///snap/code/73/usr/share/code/resources/app/extensions/github-authentication/dist/extension.js
[2021-09-13 00:45:04.207] [exthost] [info] eager extensions activated
[2021-09-13 00:45:04.218] [exthost] [info] ExtensionService#_doActivateExtension vscode.emmet {"startup":false,"extensionId":{"value":"vscode.emmet","_lower":"vscode.emmet"},"activationEvent":"onStartupFinished"}
[2021-09-13 00:45:04.218] [exthost] [info] ExtensionService#loadCommonJSModule file:///snap/code/73/usr/share/code/resources/app/extensions/emmet/dist/node/emmetNodeMain
[2021-09-13 00:45:04.232] [exthost] [info] ExtensionService#_doActivateExtension vscode.merge-conflict {"startup":false,"extensionId":{"value":"vscode.merge-conflict","_lower":"vscode.merge-conflict"},"activationEvent":"onStartupFinished"}
[2021-09-13 00:45:04.232] [exthost] [info] ExtensionService#loadCommonJSModule file:///snap/code/73/usr/share/code/resources/app/extensions/merge-conflict/dist/mergeConflictMain
[2021-09-13 00:45:25.936] [exthost] [info] ExtensionService#_doActivateExtension ms-azuretools.vscode-docker {"startup":false,"extensionId":{"value":"ms-azuretools.vscode-docker","_lower":"ms-azuretools.vscode-docker"},"activationEvent":"onLanguage:dockercompose"}
[2021-09-13 00:45:25.936] [exthost] [info] ExtensionService#loadCommonJSModule file:///root/.vscode/extensions/ms-azuretools.vscode-docker-1.16.1/main
[2021-09-13 01:09:45.060] [exthost] [info] ExtensionService#_doActivateExtension vscode.typescript-language-features {"startup":false,"extensionId":{"value":"vscode.typescript-language-features","_lower":"vscode.typescript-language-features"},"activationEvent":"onLanguage:javascript"}
[2021-09-13 01:09:45.062] [exthost] [info] ExtensionService#loadCommonJSModule file:///snap/code/73/usr/share/code/resources/app/extensions/typescript-language-features/dist/extension
[2021-09-13 01:11:53.246] [exthost] [info] ExtensionService#_doActivateExtension vscode.extension-editing {"startup":false,"extensionId":{"value":"vscode.extension-editing","_lower":"vscode.extension-editing"},"activationEvent":"onLanguage:typescript"}
[2021-09-13 01:11:53.496] [exthost] [info] ExtensionService#loadCommonJSModule file:///snap/code/73/usr/share/code/resources/app/extensions/extension-editing/dist/extensionEditingMain
[2021-09-13 01:12:13.635] [exthost] [info] extension host terminating: renderer closed the socket
[2021-09-13 01:12:14.665] [exthost] [info] exiting with code 0
